<?xml version="1.0" encoding="UTF-8"?>
<!-- Generated by org.testng.reporters.JUnitReportReporter -->
<testsuite hostname="spenn0821" name="TestNGProject.day2" tests="2" failures="0" timestamp="21 Feb 2022 14:34:48 GMT" time="0.001" errors="0">
  <testcase name="Demo4" time="0.001" classname="TestNGProject.day2"/>
  <testcase name="Demo3" time="0.000" classname="TestNGProject.day2"/>
</testsuite> <!-- TestNGProject.day2 -->
