<?xml version="1.0" encoding="UTF-8"?>
<!-- Generated by org.testng.reporters.JUnitReportReporter -->
<testsuite hostname="spenn0821" name="TestNGProject.day3" tests="5" failures="0" timestamp="21 Feb 2022 14:34:48 GMT" time="0.014" errors="0">
  <testcase name="LoginAPICarLoan" time="0.001" classname="TestNGProject.day3"/>
  <testcase name="LoginAPICarLoan" time="0.001" classname="TestNGProject.day3"/>
  <testcase name="MobileLoginLoan" time="0.002" classname="TestNGProject.day3"/>
  <testcase name="LoginAPICarLoan" time="0.002" classname="TestNGProject.day3"/>
  <testcase name="WebLoginLoan" time="0.008" classname="TestNGProject.day3"/>
</testsuite> <!-- TestNGProject.day3 -->
