<?xml version="1.0" encoding="UTF-8"?>
<!-- Generated by org.testng.reporters.JUnitReportReporter -->
<testsuite hostname="spenn0821" name="TestNGProject.day4" tests="3" failures="0" timestamp="21 Feb 2022 14:34:48 GMT" time="0.003" errors="0">
  <testcase name="MobileLoginHomeLoan" time="0.000" classname="TestNGProject.day4"/>
  <testcase name="LoginAPICarHomeLoan" time="0.001" classname="TestNGProject.day4"/>
  <testcase name="WebLoginHomeLoan" time="0.002" classname="TestNGProject.day4"/>
</testsuite> <!-- TestNGProject.day4 -->
